0 info it worked if it ends with ok
1 verbose cli [ '/opt/boxen/nodenv/versions/v0.10.33/bin/node',
1 verbose cli   '/opt/boxen/nodenv/versions/v0.10.33/bin/npm',
1 verbose cli   'run',
1 verbose cli   'jshint' ]
2 info using npm@1.4.28
3 info using node@v0.10.33
4 verbose run-script [ 'prejshint', 'jshint', 'postjshint' ]
5 info prejshint haikro@1.5.0
6 info jshint haikro@1.5.0
7 verbose unsafe-perm in lifecycle true
8 info haikro@1.5.0 Failed to exec jshint script
9 error haikro@1.5.0 jshint: `jshint `npm run -s js-files``
9 error Exit status 2
10 error Failed at the haikro@1.5.0 jshint script.
10 error This is most likely a problem with the haikro package,
10 error not with npm itself.
10 error Tell the author that this fails on your system:
10 error     jshint `npm run -s js-files`
10 error You can get their info via:
10 error     npm owner ls haikro
10 error There is likely additional logging output above.
11 error System Darwin 13.4.0
12 error command "/opt/boxen/nodenv/versions/v0.10.33/bin/node" "/opt/boxen/nodenv/versions/v0.10.33/bin/npm" "run" "jshint"
13 error cwd /Users/mandrews/sandboxes/haikro
14 error node -v v0.10.33
15 error npm -v 1.4.28
16 error code ELIFECYCLE
17 verbose exit [ 1, true ]
